[2020-08-04 06:40:42] local.ERROR: Unable to prepare route [api/user] for serialization. Uses Closure. {"exception":"[object] (LogicException(code: 0): Unable to prepare route [api/user] for serialization. Uses Closure. at /var/www/html/Shortener_Link/vendor/laravel/framework/src/Illuminate/Routing/Route.php:1150)
[stacktrace]
#0 /var/www/html/Shortener_Link/vendor/laravel/framework/src/Illuminate/Foundation/Console/RouteCacheCommand.php(62): Illuminate\\Routing\\Route->prepareForSerialization()
#1 [internal function]: Illuminate\\Foundation\\Console\\RouteCacheCommand->handle()
#2 /var/www/html/Shortener_Link/vendor/laravel/framework/src/Illuminate/Container/BoundMethod.php(37): call_user_func_array()
#3 /var/www/html/Shortener_Link/vendor/laravel/framework/src/Illuminate/Container/Util.php(37): Illuminate\\Container\\BoundMethod::Illuminate\\Container\\{closure}()
#4 /var/www/html/Shortener_Link/vendor/laravel/framework/src/Illuminate/Container/BoundMethod.php(95): Illuminate\\Container\\Util::unwrapIfClosure()
#5 /var/www/html/Shortener_Link/vendor/laravel/framework/src/Illuminate/Container/BoundMethod.php(39): Illuminate\\Container\\BoundMethod::callBoundMethod()
#6 /var/www/html/Shortener_Link/vendor/laravel/framework/src/Illuminate/Container/Container.php(596): Illuminate\\Container\\BoundMethod::call()
#7 /var/www/html/Shortener_Link/vendor/laravel/framework/src/Illuminate/Console/Command.php(134): Illuminate\\Container\\Container->call()
#8 /var/www/html/Shortener_Link/vendor/symfony/console/Command/Command.php(258): Illuminate\\Console\\Command->execute()
#9 /var/www/html/Shortener_Link/vendor/laravel/framework/src/Illuminate/Console/Command.php(121): Symfony\\Component\\Console\\Command\\Command->run()
#10 /var/www/html/Shortener_Link/vendor/symfony/console/Application.php(911): Illuminate\\Console\\Command->run()
#11 /var/www/html/Shortener_Link/vendor/symfony/console/Application.php(264): Symfony\\Component\\Console\\Application->doRunCommand()
#12 /var/www/html/Shortener_Link/vendor/symfony/console/Application.php(140): Symfony\\Component\\Console\\Application->doRun()
#13 /var/www/html/Shortener_Link/vendor/laravel/framework/src/Illuminate/Console/Application.php(93): Symfony\\Component\\Console\\Application->run()
#14 /var/www/html/Shortener_Link/vendor/laravel/framework/src/Illuminate/Foundation/Console/Kernel.php(129): Illuminate\\Console\\Application->run()
#15 /var/www/html/Shortener_Link/artisan(37): Illuminate\\Foundation\\Console\\Kernel->handle()
#16 {main}
"} 
